<?xml version="1.0" encoding="UTF-8"?>
<testng-results ignored="0" total="1" passed="1" failed="0" skipped="0">
  <reporter-output>
  </reporter-output>
  <suite started-at="2024-07-26T16:13:12 IST" name="Default suite" finished-at="2024-07-26T16:13:12 IST" duration-ms="39">
    <groups>
    </groups>
    <test started-at="2024-07-26T16:13:12 IST" name="Default test" finished-at="2024-07-26T16:13:12 IST" duration-ms="39">
      <class name="SortingAndSearchingOfElements">
        <test-method signature="BubbleSort()[pri:0, instance:SortingAndSearchingOfElements@51dcb805]" started-at="2024-07-26T16:13:12 IST" name="BubbleSort" finished-at="2024-07-26T16:13:12 IST" duration-ms="7" status="PASS">
          <reporter-output>
          </reporter-output>
        </test-method> <!-- BubbleSort -->
      </class> <!-- SortingAndSearchingOfElements -->
    </test> <!-- Default test -->
  </suite> <!-- Default suite -->
</testng-results>
